<?xml version="1.0" encoding="UTF-8"?>
<testsuite xmlns:xsi="http://www.w3.org/2001/XMLSchema-instance" xsi:noNamespaceSchemaLocation="https://maven.apache.org/surefire/maven-surefire-plugin/xsd/surefire-test-report.xsd" name="com.springinaction.BraveKnightTest" time="0.037" tests="1" errors="0" skipped="0" failures="0">
  <properties>
    <property name="gopherProxySet" value="false"/>
    <property name="awt.toolkit" value="sun.lwawt.macosx.LWCToolkit"/>
    <property name="file.encoding.pkg" value="sun.io"/>
    <property name="java.specification.version" value="1.8"/>
    <property name="sun.cpu.isalist" value=""/>
    <property name="sun.jnu.encoding" value="UTF-8"/>
    <property name="java.class.path" value="/Users/vinodkumarm/Documents/Technologies/Spring/spring-in-action-4th-edition/spring-iA4-code/spring-in-action/target/test-classes:/Users/vinodkumarm/Documents/Technologies/Spring/spring-in-action-4th-edition/spring-iA4-code/spring-in-action/target/classes:/Users/vinodkumarm/.m2/repository/org/springframework/spring-context/3.2.9.RELEASE/spring-context-3.2.9.RELEASE.jar:/Users/vinodkumarm/.m2/repository/org/springframework/spring-context-support/3.2.9.RELEASE/spring-context-support-3.2.9.RELEASE.jar:/Users/vinodkumarm/.m2/repository/org/springframework/spring-beans/3.2.9.RELEASE/spring-beans-3.2.9.RELEASE.jar:/Users/vinodkumarm/.m2/repository/org/springframework/spring-core/3.2.9.RELEASE/spring-core-3.2.9.RELEASE.jar:/Users/vinodkumarm/.m2/repository/commons-logging/commons-logging/1.1.3/commons-logging-1.1.3.jar:/Users/vinodkumarm/.m2/repository/org/springframework/spring-aop/3.2.9.RELEASE/spring-aop-3.2.9.RELEASE.jar:/Users/vinodkumarm/.m2/repository/aopalliance/aopalliance/1.0/aopalliance-1.0.jar:/Users/vinodkumarm/.m2/repository/org/springframework/spring-expression/3.2.9.RELEASE/spring-expression-3.2.9.RELEASE.jar:/Users/vinodkumarm/.m2/repository/org/slf4j/slf4j-api/1.7.5/slf4j-api-1.7.5.jar:/Users/vinodkumarm/.m2/repository/ch/qos/logback/logback-classic/1.0.13/logback-classic-1.0.13.jar:/Users/vinodkumarm/.m2/repository/ch/qos/logback/logback-core/1.0.13/logback-core-1.0.13.jar:/Users/vinodkumarm/.m2/repository/org/aspectj/aspectjrt/1.7.4/aspectjrt-1.7.4.jar:/Users/vinodkumarm/.m2/repository/org/aspectj/aspectjtools/1.7.4/aspectjtools-1.7.4.jar:/Users/vinodkumarm/.m2/repository/junit/junit/4.11/junit-4.11.jar:/Users/vinodkumarm/.m2/repository/org/hamcrest/hamcrest-core/1.3/hamcrest-core-1.3.jar:/Users/vinodkumarm/.m2/repository/org/mockito/mockito-all/1.9.5/mockito-all-1.9.5.jar:"/>
    <property name="java.vm.vendor" value="Oracle Corporation"/>
    <property name="sun.arch.data.model" value="64"/>
    <property name="java.vendor.url" value="http://java.oracle.com/"/>
    <property name="user.timezone" value=""/>
    <property name="java.vm.specification.version" value="1.8"/>
    <property name="os.name" value="Mac OS X"/>
    <property name="user.country" value="IN"/>
    <property name="sun.java.launcher" value="SUN_STANDARD"/>
    <property name="sun.boot.library.path" value="/Library/Java/JavaVirtualMachines/jdk-1.8.jdk/Contents/Home/jre/lib"/>
    <property name="sun.java.command" value="/Users/vinodkumarm/Documents/Technologies/Spring/spring-in-action-4th-edition/spring-iA4-code/spring-in-action/target/surefire/surefirebooter857231826974325959.jar /Users/vinodkumarm/Documents/Technologies/Spring/spring-in-action-4th-edition/spring-iA4-code/spring-in-action/target/surefire 2023-11-06T18-04-27_373-jvmRun1 surefire3433219261567297647tmp surefire_02133804080479288441tmp"/>
    <property name="http.nonProxyHosts" value="local|*.local|169.254/16|*.169.254/16"/>
    <property name="surefire.test.class.path" value="/Users/vinodkumarm/Documents/Technologies/Spring/spring-in-action-4th-edition/spring-iA4-code/spring-in-action/target/test-classes:/Users/vinodkumarm/Documents/Technologies/Spring/spring-in-action-4th-edition/spring-iA4-code/spring-in-action/target/classes:/Users/vinodkumarm/.m2/repository/org/springframework/spring-context/3.2.9.RELEASE/spring-context-3.2.9.RELEASE.jar:/Users/vinodkumarm/.m2/repository/org/springframework/spring-context-support/3.2.9.RELEASE/spring-context-support-3.2.9.RELEASE.jar:/Users/vinodkumarm/.m2/repository/org/springframework/spring-beans/3.2.9.RELEASE/spring-beans-3.2.9.RELEASE.jar:/Users/vinodkumarm/.m2/repository/org/springframework/spring-core/3.2.9.RELEASE/spring-core-3.2.9.RELEASE.jar:/Users/vinodkumarm/.m2/repository/commons-logging/commons-logging/1.1.3/commons-logging-1.1.3.jar:/Users/vinodkumarm/.m2/repository/org/springframework/spring-aop/3.2.9.RELEASE/spring-aop-3.2.9.RELEASE.jar:/Users/vinodkumarm/.m2/repository/aopalliance/aopalliance/1.0/aopalliance-1.0.jar:/Users/vinodkumarm/.m2/repository/org/springframework/spring-expression/3.2.9.RELEASE/spring-expression-3.2.9.RELEASE.jar:/Users/vinodkumarm/.m2/repository/org/slf4j/slf4j-api/1.7.5/slf4j-api-1.7.5.jar:/Users/vinodkumarm/.m2/repository/ch/qos/logback/logback-classic/1.0.13/logback-classic-1.0.13.jar:/Users/vinodkumarm/.m2/repository/ch/qos/logback/logback-core/1.0.13/logback-core-1.0.13.jar:/Users/vinodkumarm/.m2/repository/org/aspectj/aspectjrt/1.7.4/aspectjrt-1.7.4.jar:/Users/vinodkumarm/.m2/repository/org/aspectj/aspectjtools/1.7.4/aspectjtools-1.7.4.jar:/Users/vinodkumarm/.m2/repository/junit/junit/4.11/junit-4.11.jar:/Users/vinodkumarm/.m2/repository/org/hamcrest/hamcrest-core/1.3/hamcrest-core-1.3.jar:/Users/vinodkumarm/.m2/repository/org/mockito/mockito-all/1.9.5/mockito-all-1.9.5.jar:"/>
    <property name="sun.cpu.endian" value="little"/>
    <property name="user.home" value="/Users/vinodkumarm"/>
    <property name="user.language" value="en"/>
    <property name="java.specification.vendor" value="Oracle Corporation"/>
    <property name="java.home" value="/Library/Java/JavaVirtualMachines/jdk-1.8.jdk/Contents/Home/jre"/>
    <property name="basedir" value="/Users/vinodkumarm/Documents/Technologies/Spring/spring-in-action-4th-edition/spring-iA4-code/spring-in-action"/>
    <property name="file.separator" value="/"/>
    <property name="line.separator" value="&#10;"/>
    <property name="java.vm.specification.vendor" value="Oracle Corporation"/>
    <property name="java.specification.name" value="Java Platform API Specification"/>
    <property name="java.awt.graphicsenv" value="sun.awt.CGraphicsEnvironment"/>
    <property name="surefire.real.class.path" value="/Users/vinodkumarm/Documents/Technologies/Spring/spring-in-action-4th-edition/spring-iA4-code/spring-in-action/target/surefire/surefirebooter857231826974325959.jar"/>
    <property name="sun.boot.class.path" value="/Library/Java/JavaVirtualMachines/jdk-1.8.jdk/Contents/Home/jre/lib/resources.jar:/Library/Java/JavaVirtualMachines/jdk-1.8.jdk/Contents/Home/jre/lib/rt.jar:/Library/Java/JavaVirtualMachines/jdk-1.8.jdk/Contents/Home/jre/lib/jsse.jar:/Library/Java/JavaVirtualMachines/jdk-1.8.jdk/Contents/Home/jre/lib/jce.jar:/Library/Java/JavaVirtualMachines/jdk-1.8.jdk/Contents/Home/jre/lib/charsets.jar:/Library/Java/JavaVirtualMachines/jdk-1.8.jdk/Contents/Home/jre/lib/jfr.jar:/Library/Java/JavaVirtualMachines/jdk-1.8.jdk/Contents/Home/jre/classes"/>
    <property name="sun.management.compiler" value="HotSpot 64-Bit Tiered Compilers"/>
    <property name="ftp.nonProxyHosts" value="local|*.local|169.254/16|*.169.254/16"/>
    <property name="java.runtime.version" value="1.8.0_381-b09"/>
    <property name="user.name" value="vinodkumarm"/>
    <property name="path.separator" value=":"/>
    <property name="os.version" value="14.0"/>
    <property name="java.endorsed.dirs" value="/Library/Java/JavaVirtualMachines/jdk-1.8.jdk/Contents/Home/jre/lib/endorsed"/>
    <property name="java.runtime.name" value="Java(TM) SE Runtime Environment"/>
    <property name="file.encoding" value="UTF-8"/>
    <property name="java.vm.name" value="Java HotSpot(TM) 64-Bit Server VM"/>
    <property name="localRepository" value="/Users/vinodkumarm/.m2/repository"/>
    <property name="java.vendor.url.bug" value="http://bugreport.sun.com/bugreport/"/>
    <property name="java.io.tmpdir" value="/var/folders/39/07hq2pkx13j9bnvqfhnf7k0r0000gn/T/"/>
    <property name="java.version" value="1.8.0_381"/>
    <property name="user.dir" value="/Users/vinodkumarm/Documents/Technologies/Spring/spring-in-action-4th-edition/spring-iA4-code/spring-in-action"/>
    <property name="os.arch" value="aarch64"/>
    <property name="java.vm.specification.name" value="Java Virtual Machine Specification"/>
    <property name="java.awt.printerjob" value="sun.lwawt.macosx.CPrinterJob"/>
    <property name="sun.os.patch.level" value="unknown"/>
    <property name="java.library.path" value="/Users/vinodkumarm/Library/Java/Extensions:/Library/Java/Extensions:/Network/Library/Java/Extensions:/System/Library/Java/Extensions:/usr/lib/java:."/>
    <property name="java.vm.info" value="mixed mode"/>
    <property name="java.vendor" value="Oracle Corporation"/>
    <property name="java.vm.version" value="25.381-b09"/>
    <property name="java.specification.maintenance.version" value="5"/>
    <property name="java.ext.dirs" value="/Users/vinodkumarm/Library/Java/Extensions:/Library/Java/JavaVirtualMachines/jdk-1.8.jdk/Contents/Home/jre/lib/ext:/Library/Java/Extensions:/Network/Library/Java/Extensions:/System/Library/Java/Extensions:/usr/lib/java"/>
    <property name="sun.io.unicode.encoding" value="UnicodeBig"/>
    <property name="java.class.version" value="52.0"/>
    <property name="socksNonProxyHosts" value="local|*.local|169.254/16|*.169.254/16"/>
  </properties>
  <testcase name="knightShouldEmbarkOnQuest" classname="com.springinaction.BraveKnightTest" time="0.037"/>
</testsuite>